<?xml version="1.0" encoding="UTF-8" ?>
<testsuites disabled="0" errors="0" failures="1" tests="2" time="8.929">
 <testsuite name="Calculator test" timestamp="2021-10-27T16:17:59" hostname="localhost" time="8.929" errors="0" tests="2" skipped="0" disabled="0" failures="1">
  <testcase classname="Calculator test" name="testing addition" time="8.706" />
  <testcase classname="Calculator test" name="testing subtraction" time="0.221">
   <failure type="exception" message="Failed: homepage.clicknGo is not a function"><![CDATA[TypeError: homepage.clicknGo is not a function
    at UserContext.<anonymous> (/Users/subbu/Documents/ProtractorProjects/ProtractorDemo/tests/calculator.js:32:19)
    at /Users/subbu/.nvm/versions/node/v14.14.0/lib/node_modules/protractor/node_modules/jasminewd2/index.js:112:25
    at new ManagedPromise (/Users/subbu/.nvm/versions/node/v14.14.0/lib/node_modules/protractor/node_modules/selenium-webdriver/lib/promise.js:1077:7)
    at ControlFlow.promise (/Users/subbu/.nvm/versions/node/v14.14.0/lib/node_modules/protractor/node_modules/selenium-webdriver/lib/promise.js:2505:12)
    at schedulerExecute (/Users/subbu/.nvm/versions/node/v14.14.0/lib/node_modules/protractor/node_modules/jasminewd2/index.js:95:18)
    at TaskQueue.execute_ (/Users/subbu/.nvm/versions/node/v14.14.0/lib/node_modules/protractor/node_modules/selenium-webdriver/lib/promise.js:3084:14)
    at TaskQueue.executeNext_ (/Users/subbu/.nvm/versions/node/v14.14.0/lib/node_modules/protractor/node_modules/selenium-webdriver/lib/promise.js:3067:27)
    at /Users/subbu/.nvm/versions/node/v14.14.0/lib/node_modules/protractor/node_modules/selenium-webdriver/lib/promise.js:2927:27
    at /Users/subbu/.nvm/versions/node/v14.14.0/lib/node_modules/protractor/node_modules/selenium-webdriver/lib/promise.js:668:7
    at processTicksAndRejections (internal/process/task_queues.js:93:5)
From: Task: Run it("testing subtraction") in control flow
    at UserContext.<anonymous> (/Users/subbu/.nvm/versions/node/v14.14.0/lib/node_modules/protractor/node_modules/jasminewd2/index.js:94:19)
    at attempt (/Users/subbu/.nvm/versions/node/v14.14.0/lib/node_modules/protractor/node_modules/jasmine-core/lib/jasmine-core/jasmine.js:4297:26)
    at QueueRunner.run (/Users/subbu/.nvm/versions/node/v14.14.0/lib/node_modules/protractor/node_modules/jasmine-core/lib/jasmine-core/jasmine.js:4217:20)
    at QueueRunner.execute (/Users/subbu/.nvm/versions/node/v14.14.0/lib/node_modules/protractor/node_modules/jasmine-core/lib/jasmine-core/jasmine.js:4199:10)
    at Spec.queueRunnerFactory (/Users/subbu/.nvm/versions/node/v14.14.0/lib/node_modules/protractor/node_modules/jasmine-core/lib/jasmine-core/jasmine.js:909:35)
    at Spec.execute (/Users/subbu/.nvm/versions/node/v14.14.0/lib/node_modules/protractor/node_modules/jasmine-core/lib/jasmine-core/jasmine.js:526:10)
    at UserContext.fn (/Users/subbu/.nvm/versions/node/v14.14.0/lib/node_modules/protractor/node_modules/jasmine-core/lib/jasmine-core/jasmine.js:5340:37)
    at attempt (/Users/subbu/.nvm/versions/node/v14.14.0/lib/node_modules/protractor/node_modules/jasmine-core/lib/jasmine-core/jasmine.js:4297:26)
    at QueueRunner.run (/Users/subbu/.nvm/versions/node/v14.14.0/lib/node_modules/protractor/node_modules/jasmine-core/lib/jasmine-core/jasmine.js:4217:20)
    at runNext (/Users/subbu/.nvm/versions/node/v14.14.0/lib/node_modules/protractor/node_modules/jasmine-core/lib/jasmine-core/jasmine.js:4257:20)
From asynchronous test: 
Error
    at Suite.<anonymous> (/Users/subbu/Documents/ProtractorProjects/ProtractorDemo/tests/calculator.js:23:5)
    at addSpecsToSuite (/Users/subbu/.nvm/versions/node/v14.14.0/lib/node_modules/protractor/node_modules/jasmine-core/lib/jasmine-core/jasmine.js:1107:25)
    at Env.describe (/Users/subbu/.nvm/versions/node/v14.14.0/lib/node_modules/protractor/node_modules/jasmine-core/lib/jasmine-core/jasmine.js:1074:7)
    at describe (/Users/subbu/.nvm/versions/node/v14.14.0/lib/node_modules/protractor/node_modules/jasmine-core/lib/jasmine-core/jasmine.js:4399:18)
    at Object.<anonymous> (/Users/subbu/Documents/ProtractorProjects/ProtractorDemo/tests/calculator.js:5:1)
    at Module._compile (internal/modules/cjs/loader.js:1063:30)
    at Object.Module._extensions..js (internal/modules/cjs/loader.js:1092:10)
    at Module.load (internal/modules/cjs/loader.js:928:32)
    at Function.Module._load (internal/modules/cjs/loader.js:769:14)]]>
   </failure>
  </testcase>
 </testsuite>
</testsuites>